Build started 3/8/15 11:59:35 PM.
     1>Project "C:\Users\Xiangren\Documents\GitHub\CodePSUPractice\CodePSU\2014ANCIENT\2014ANCIENT.vcxproj" on node 2 (Build target(s)).
     1>ClCompile:
         C:\Program Files (x86)\Microsoft Visual Studio 12.0\VC\bin\CL.exe /c /ZI /nologo /W3 /WX- /sdl /Od /Oy- /D WIN32 /D _DEBUG /D _CONSOLE /D _LIB /D _UNICODE /D UNICODE /Gm /EHsc /RTC1 /MDd /GS /fp:precise /Zc:wchar_t /Zc:forScope /Fo"Debug\\" /Fd"Debug\vc120.pdb" /Gd /TP /analyze- /errorReport:prompt main.cpp
         main.cpp
     1>c:\users\xiangren\documents\github\codepsupractice\codepsu\2014ancient\main.cpp(31): warning C4018: '<' : signed/unsigned mismatch
     1>c:\users\xiangren\documents\github\codepsupractice\codepsu\2014ancient\main.cpp(51): warning C4018: '<' : signed/unsigned mismatch
     1>c:\users\xiangren\documents\github\codepsupractice\codepsu\2014ancient\main.cpp(52): warning C4018: '<' : signed/unsigned mismatch
     1>c:\users\xiangren\documents\github\codepsupractice\codepsu\2014ancient\main.cpp(53): warning C4018: '<' : signed/unsigned mismatch
     1>c:\users\xiangren\documents\github\codepsupractice\codepsu\2014ancient\main.cpp(71): warning C4018: '<' : signed/unsigned mismatch
     1>c:\users\xiangren\documents\github\codepsupractice\codepsu\2014ancient\main.cpp(72): warning C4018: '<' : signed/unsigned mismatch
     1>c:\users\xiangren\documents\github\codepsupractice\codepsu\2014ancient\main.cpp(80): warning C4018: '<' : signed/unsigned mismatch
     1>c:\users\xiangren\documents\github\codepsupractice\codepsu\2014ancient\main.cpp(81): warning C4018: '<' : signed/unsigned mismatch
     1>c:\users\xiangren\documents\github\codepsupractice\codepsu\2014ancient\main.cpp(115): warning C4018: '<' : signed/unsigned mismatch
     1>c:\users\xiangren\documents\github\codepsupractice\codepsu\2014ancient\main.cpp(149): warning C4018: '<' : signed/unsigned mismatch
     1>c:\users\xiangren\documents\github\codepsupractice\codepsu\2014ancient\main.cpp(171): warning C4018: '<' : signed/unsigned mismatch
     1>c:\users\xiangren\documents\github\codepsupractice\codepsu\2014ancient\main.cpp(176): warning C4018: '<' : signed/unsigned mismatch
       Link:
         C:\Program Files (x86)\Microsoft Visual Studio 12.0\VC\bin\link.exe /ERRORREPORT:PROMPT /OUT:"C:\Users\Xiangren\Documents\GitHub\CodePSUPractice\CodePSU\Debug\2014ANCIENT.exe" /INCREMENTAL /NOLOGO kernel32.lib user32.lib gdi32.lib winspool.lib comdlg32.lib advapi32.lib shell32.lib ole32.lib oleaut32.lib uuid.lib odbc32.lib odbccp32.lib /MANIFEST /MANIFESTUAC:"level='asInvoker' uiAccess='false'" /manifest:embed /DEBUG /PDB:"C:\Users\Xiangren\Documents\GitHub\CodePSUPractice\CodePSU\Debug\2014ANCIENT.pdb" /SUBSYSTEM:CONSOLE /TLBID:1 /DYNAMICBASE /NXCOMPAT /IMPLIB:"C:\Users\Xiangren\Documents\GitHub\CodePSUPractice\CodePSU\Debug\2014ANCIENT.lib" /MACHINE:X86 Debug\main.obj
         2014ANCIENT.vcxproj -> C:\Users\Xiangren\Documents\GitHub\CodePSUPractice\CodePSU\Debug\2014ANCIENT.exe
     1>Done Building Project "C:\Users\Xiangren\Documents\GitHub\CodePSUPractice\CodePSU\2014ANCIENT\2014ANCIENT.vcxproj" (Build target(s)).

Build succeeded.

Time Elapsed 00:00:01.03
